{
  "stats": {
    "suites": 1,
    "tests": 1,
    "passes": 1,
    "pending": 0,
    "failures": 0,
    "start": "2024-07-17T09:49:21.804Z",
    "end": "2024-07-17T09:49:32.724Z",
    "duration": 10920,
    "testsRegistered": 1,
    "passPercent": 100,
    "pendingPercent": 0,
    "other": 0,
    "hasOther": false,
    "skipped": 0,
    "hasSkipped": false
  },
  "results": [
    {
      "uuid": "8be05f1e-eec9-421f-b5bd-a69b01e04796",
      "title": "",
      "fullFile": "cypress\\e2e\\addFuelExpence.cy.js",
      "file": "cypress\\e2e\\addFuelExpence.cy.js",
      "beforeHooks": [],
      "afterHooks": [],
      "tests": [],
      "suites": [
        {
          "uuid": "ac89837b-a1cf-4a57-b9d9-8684d35a2edd",
          "title": "Login and add car",
          "fullFile": "",
          "file": "",
          "beforeHooks": [],
          "afterHooks": [],
          "tests": [
            {
              "title": "Verify add fuel expences",
              "fullTitle": "Login and add car Verify add fuel expences",
              "timedOut": null,
              "duration": 8183,
              "state": "passed",
              "speed": "medium",
              "pass": true,
              "fail": false,
              "pending": false,
              "context": null,
              "code": "_addCarFuelSteps.default.addExpencesToCar();",
              "err": {},
              "uuid": "ee142d57-0de7-41a9-9439-597f881a52e7",
              "parentUUID": "ac89837b-a1cf-4a57-b9d9-8684d35a2edd",
              "isHook": false,
              "skipped": false
            }
          ],
          "suites": [],
          "passes": [
            "ee142d57-0de7-41a9-9439-597f881a52e7"
          ],
          "failures": [],
          "pending": [],
          "skipped": [],
          "duration": 8183,
          "root": false,
          "rootEmpty": false,
          "_timeout": 2000
        }
      ],
      "passes": [],
      "failures": [],
      "pending": [],
      "skipped": [],
      "duration": 0,
      "root": true,
      "rootEmpty": true,
      "_timeout": 2000
    }
  ],
  "meta": {
    "mocha": {
      "version": "7.0.1"
    },
    "mochawesome": {
      "options": {
        "quiet": true,
        "reportFilename": "mochawesome",
        "saveHtml": true,
        "saveJson": true,
        "consoleReporter": "spec",
        "useInlineDiffs": false,
        "code": true
      },
      "version": "7.1.3"
    },
    "marge": {
      "options": {
        "id": "default",
        "reportDir": "cypress/reports/mochawesome",
        "quiet": true
      },
      "version": "6.2.0"
    }
  }
}